* ******************************************************************************

* iCEcube Packer

* Version:            2017.08.27940

* Build Date:         Sep 11 2017 16:52:36

* File Generated:     Jun 24 2018 00:18:59

* Purpose:            General info of design implementation

* Copyright (C) 2006-2010 by Lattice Semiconductor Corp. All rights reserved.

* ******************************************************************************

Command Line: C:\lscc\iCEcube2.2017.08\sbt_backend\bin\win32\opt\packer.exe  C:\lscc\iCEcube2.2017.08\sbt_backend\devices\ICE40P01.dev  C:/Projekte/Software/Eigene_Software/embedded_software/Tutorials/VHDL/Blink_Leds+Reset/Blink_Leds_Reset/Blink_Leds_Reset_Implmnt\sbt\netlist\oadb-led  --package  VQ100  --outdir  C:/Projekte/Software/Eigene_Software/embedded_software/Tutorials/VHDL/Blink_Leds+Reset/Blink_Leds_Reset/Blink_Leds_Reset_Implmnt\sbt\outputs\packer  --translator  C:\lscc\iCEcube2.2017.08\sbt_backend\bin\sdc_translator.tcl  --src_sdc_file  C:/Projekte/Software/Eigene_Software/embedded_software/Tutorials/VHDL/Blink_Leds+Reset/Blink_Leds_Reset/Blink_Leds_Reset_Implmnt\sbt\outputs\placer\led_pl.sdc  --dst_sdc_file  C:/Projekte/Software/Eigene_Software/embedded_software/Tutorials/VHDL/Blink_Leds+Reset/Blink_Leds_Reset/Blink_Leds_Reset_Implmnt\sbt\outputs\packer\led_pk.sdc  --devicename  iCE40HX1K  

***** Device Info *****
Chip: iCE40HX1K
Package: VQ100
Size: 12 X 16

***** Design Utilization Info *****
Design: led
Used Logic Cell: 56/1280
Used Logic Tile: 10/160
Used IO Cell:    6/112
Used Bram Cell For iCE40: 0/16
Used PLL For iCE40: 0/0
Ram Cascading Used: 0
Lut Cascading Used: 1

***** Clock Info *****
Clock Domain: refclk_c_g
Clock Source: refclk 
Clock Driver: refclk_ibuf_gb_io (ICE_GB_IO)
Driver Position: (0, 9, 0)
Fanout to FF: 24
Fanout to Tile: 7


***** Placement Info *****
Logic cell utilization per tile
    . . . . + . . . . 1 . . . . 
   ----------------------------
17|                             
16|   0 0 0 0 0 0 0 0 0 0 0 0   
15|   0 0 0 0 0 0 0 0 0 0 0 0   
14|   0 0 0 0 0 0 0 0 0 0 0 0   
13|   0 0 0 0 0 0 0 0 0 0 0 0   
12|   0 0 0 0 0 0 0 0 0 0 0 0   
11|   0 0 0 0 0 0 0 0 0 0 0 0   
10|   0 0 0 0 0 0 0 0 0 0 0 0   
 9|   0 5 0 0 0 0 0 0 0 0 0 0   
 8|   8 8 0 0 0 0 0 0 0 0 0 0   
 7|   7 8 0 0 0 0 0 0 0 0 0 0   
 6|   7 8 0 0 0 0 0 0 0 0 0 0   
 5|   3 1 0 0 0 0 0 0 0 0 0 0   
 4|   1 0 0 0 0 0 0 0 0 0 0 0   
 3|   0 0 0 0 0 0 0 0 0 0 0 0   
 2|   0 0 0 0 0 0 0 0 0 0 0 0   
 1|   0 0 0 0 0 0 0 0 0 0 0 0   
 0|                             

Maximum number of Logic cells per logic tile: 8
Average number of Logic cells per logic tile: 5.60

***** Input Pin Density Info *****
Number of input nets per logic tile
     .  .  .  .  +  .  .  .  .  1  .  .  .  . 
   ------------------------------------------
17|                                           
16|     0  0  0  0  0  0  0  0  0  0  0  0    
15|     0  0  0  0  0  0  0  0  0  0  0  0    
14|     0  0  0  0  0  0  0  0  0  0  0  0    
13|     0  0  0  0  0  0  0  0  0  0  0  0    
12|     0  0  0  0  0  0  0  0  0  0  0  0    
11|     0  0  0  0  0  0  0  0  0  0  0  0    
10|     0  0  0  0  0  0  0  0  0  0  0  0    
 9|     0 10  0  0  0  0  0  0  0  0  0  0    
 8|    15 16  0  0  0  0  0  0  0  0  0  0    
 7|    22 16  0  0  0  0  0  0  0  0  0  0    
 6|    19 16  0  0  0  0  0  0  0  0  0  0    
 5|     6  3  0  0  0  0  0  0  0  0  0  0    
 4|     1  0  0  0  0  0  0  0  0  0  0  0    
 3|     0  0  0  0  0  0  0  0  0  0  0  0    
 2|     0  0  0  0  0  0  0  0  0  0  0  0    
 1|     0  0  0  0  0  0  0  0  0  0  0  0    
 0|                                           

Maximum number of input nets per logic tile: 22
Average number of input nets per logic tile: 12.40

Number of input pins per logic tile
     .  .  .  .  +  .  .  .  .  1  .  .  .  . 
   ------------------------------------------
17|                                           
16|     0  0  0  0  0  0  0  0  0  0  0  0    
15|     0  0  0  0  0  0  0  0  0  0  0  0    
14|     0  0  0  0  0  0  0  0  0  0  0  0    
13|     0  0  0  0  0  0  0  0  0  0  0  0    
12|     0  0  0  0  0  0  0  0  0  0  0  0    
11|     0  0  0  0  0  0  0  0  0  0  0  0    
10|     0  0  0  0  0  0  0  0  0  0  0  0    
 9|     0 10  0  0  0  0  0  0  0  0  0  0    
 8|    32 16  0  0  0  0  0  0  0  0  0  0    
 7|    27 16  0  0  0  0  0  0  0  0  0  0    
 6|    28 26  0  0  0  0  0  0  0  0  0  0    
 5|     9  3  0  0  0  0  0  0  0  0  0  0    
 4|     1  0  0  0  0  0  0  0  0  0  0  0    
 3|     0  0  0  0  0  0  0  0  0  0  0  0    
 2|     0  0  0  0  0  0  0  0  0  0  0  0    
 1|     0  0  0  0  0  0  0  0  0  0  0  0    
 0|                                           

Maximum number of input pins per logic tile: 32
Average number of input pins per logic tile: 16.80

***** Run Time Info *****
Run Time:  0
